 AS V1.42 Beta [Bld 129] - source file sample_m.asm - page 1 - 2019/1/9 23時41時10


       1/       0 :                     ; sample VGM data
       2/       0 :                     ;
       3/    9000 :                     	ORG 9000H
       4/    9000 :                     ;
       5/    9000 :                     M_DATA:
       6/    9000 : 56 67 6D 20 94 12       DB 056h, 067h, 06dh, 020h, 094h, 012h, 000h, 000h, 061h, 001h, 000h, 000h, 000h, 000h, 000h, 000h
                    00 00 61 01 00 00 
                    00 00 00 00 
       7/    9010 : 00 00 00 00 E6 11       DB 000h, 000h, 000h, 000h, 0e6h, 011h, 000h, 000h, 02eh, 0dch, 00bh, 000h, 000h, 000h, 000h, 000h
                    00 00 2E DC 0B 00 
                    00 00 00 00 
       8/    9020 : 00 00 00 00 3C 00       DB 000h, 000h, 000h, 000h, 03ch, 000h, 000h, 000h, 009h, 000h, 010h, 000h, 000h, 000h, 000h, 000h
                    00 00 09 00 10 00 
                    00 00 00 00 
       9/    9030 : 99 9E 36 00 7C 00       DB 099h, 09eh, 036h, 000h, 07ch, 000h, 000h, 000h, 000h, 000h, 000h, 000h, 000h, 000h, 000h, 000h
                    00 00 00 00 00 00 
                    00 00 00 00 
      10/    9040 : 00 00 00 00 00 00       DB 000h, 000h, 000h, 000h, 000h, 000h, 000h, 000h, 000h, 000h, 000h, 000h, 000h, 000h, 000h, 000h
                    00 00 00 00 00 00 
                    00 00 00 00 
      11/    9050 : 00 00 00 00 00 00       DB 000h, 000h, 000h, 000h, 000h, 000h, 000h, 000h, 000h, 000h, 000h, 000h, 000h, 000h, 000h, 000h
                    00 00 00 00 00 00 
                    00 00 00 00 
      12/    9060 : 00 00 00 00 00 00       DB 000h, 000h, 000h, 000h, 000h, 000h, 000h, 000h, 000h, 000h, 000h, 000h, 000h, 000h, 000h, 000h
                    00 00 00 00 00 00 
                    00 00 00 00 
      13/    9070 : 00 00 00 00 00 00       DB 000h, 000h, 000h, 000h, 000h, 000h, 000h, 000h, 000h, 000h, 000h, 000h, 000h, 000h, 000h, 000h
                    00 00 00 00 00 00 
                    00 00 00 00 
      14/    9080 : 00 00 00 00 00 00       DB 000h, 000h, 000h, 000h, 000h, 000h, 000h, 000h, 000h, 000h, 000h, 000h, 000h, 000h, 000h, 000h
                    00 00 00 00 00 00 
                    00 00 00 00 
      15/    9090 : 00 00 00 00 00 00       DB 000h, 000h, 000h, 000h, 000h, 000h, 000h, 000h, 000h, 000h, 000h, 000h, 000h, 000h, 000h, 000h
                    00 00 00 00 00 00 
                    00 00 00 00 
      16/    90A0 : 00 00 00 00 00 00       DB 000h, 000h, 000h, 000h, 000h, 000h, 000h, 000h, 000h, 000h, 000h, 000h, 000h, 000h, 000h, 000h
                    00 00 00 00 00 00 
                    00 00 00 00 
      17/    90B0 : 54 08 05 54 65 7F       DB 054h, 008h, 005h, 054h, 065h, 07fh, 054h, 075h, 07fh, 054h, 06dh, 07fh, 054h, 07dh, 07fh, 054h
                    54 75 7F 54 6D 7F 
                    54 7D 7F 54 
      18/    90C0 : 08 06 54 66 7F 54       DB 008h, 006h, 054h, 066h, 07fh, 054h, 076h, 07fh, 054h, 06eh, 07fh, 054h, 07eh, 07fh, 054h, 008h
                    76 7F 54 6E 7F 54 
                    7E 7F 54 08 
      19/    90D0 : 07 54 67 7F 54 77       DB 007h, 054h, 067h, 07fh, 054h, 077h, 07fh, 054h, 06fh, 07fh, 054h, 07fh, 07fh, 054h, 018h, 000h
                    7F 54 6F 7F 54 7F 
                    7F 54 18 00 
      20/    90E0 : 54 19 00 54 19 80       DB 054h, 019h, 000h, 054h, 019h, 080h, 054h, 03dh, 000h, 054h, 03eh, 000h, 054h, 03fh, 000h, 054h
                    54 3D 00 54 3E 00 
                    54 3F 00 54 
      21/    90F0 : 28 2D 54 30 00 54       DB 028h, 02dh, 054h, 030h, 000h, 054h, 029h, 02dh, 054h, 031h, 000h, 054h, 02ah, 02dh, 054h, 032h
                    29 2D 54 31 00 54 
                    2A 2D 54 32 
      22/    9100 : 00 54 2B 2D 54 33       DB 000h, 054h, 02bh, 02dh, 054h, 033h, 000h, 054h, 02ch, 02dh, 054h, 034h, 000h, 054h, 02dh, 02dh
                    00 54 2C 2D 54 34 
                    00 54 2D 2D 
      23/    9110 : 54 35 00 54 45 51       DB 054h, 035h, 000h, 054h, 045h, 051h, 054h, 085h, 016h, 054h, 0a5h, 005h, 054h, 0c5h, 000h, 054h
                    54 85 16 54 A5 05 
                    54 C5 00 54 
      24/    9120 : E5 54 54 55 52 54       DB 0e5h, 054h, 054h, 055h, 052h, 054h, 095h, 050h, 054h, 0b5h, 008h, 054h, 0d5h, 008h, 054h, 0f5h
 AS V1.42 Beta [Bld 129] - source file sample_m.asm - page 2 - 2019/1/9 23時41時10


                    95 50 54 B5 08 54 
                    D5 08 54 F5 
      25/    9130 : 28 54 4D 18 54 8D       DB 028h, 054h, 04dh, 018h, 054h, 08dh, 01fh, 054h, 0adh, 012h, 054h, 0cdh, 000h, 054h, 0edh, 0a4h
                    1F 54 AD 12 54 CD 
                    00 54 ED A4 
      26/    9140 : 54 5D 11 54 9D 5F       DB 054h, 05dh, 011h, 054h, 09dh, 05fh, 054h, 0bdh, 009h, 054h, 0ddh, 007h, 054h, 0fdh, 028h, 054h
                    54 BD 09 54 DD 07 
                    54 FD 28 54 
      27/    9150 : 25 FC 54 65 29 54       DB 025h, 0fch, 054h, 065h, 029h, 054h, 075h, 000h, 054h, 06dh, 02ch, 054h, 07dh, 003h, 054h, 02eh
                    75 00 54 6D 2C 54 
                    7D 03 54 2E 
      28/    9160 : 2D 54 36 00 54 46       DB 02dh, 054h, 036h, 000h, 054h, 046h, 051h, 054h, 086h, 016h, 054h, 0a6h, 005h, 054h, 0c6h, 000h
                    51 54 86 16 54 A6 
                    05 54 C6 00 
      29/    9170 : 54 E6 54 54 56 52       DB 054h, 0e6h, 054h, 054h, 056h, 052h, 054h, 096h, 050h, 054h, 0b6h, 008h, 054h, 0d6h, 008h, 054h
                    54 96 50 54 B6 08 
                    54 D6 08 54 
      30/    9180 : F6 28 54 4E 18 54       DB 0f6h, 028h, 054h, 04eh, 018h, 054h, 08eh, 01fh, 054h, 0aeh, 012h, 054h, 0ceh, 000h, 054h, 0eeh
                    8E 1F 54 AE 12 54 
                    CE 00 54 EE 
      31/    9190 : A4 54 5E 11 54 9E       DB 0a4h, 054h, 05eh, 011h, 054h, 09eh, 05fh, 054h, 0beh, 009h, 054h, 0deh, 007h, 054h, 0feh, 028h
                    5F 54 BE 09 54 DE 
                    07 54 FE 28 
      32/    91A0 : 54 26 FC 54 66 29       DB 054h, 026h, 0fch, 054h, 066h, 029h, 054h, 076h, 000h, 054h, 06eh, 02ch, 054h, 07eh, 003h, 054h
                    54 76 00 54 6E 2C 
                    54 7E 03 54 
      33/    91B0 : 2F 2D 54 37 00 54       DB 02fh, 02dh, 054h, 037h, 000h, 054h, 047h, 051h, 054h, 087h, 016h, 054h, 0a7h, 005h, 054h, 0c7h
                    47 51 54 87 16 54 
                    A7 05 54 C7 
      34/    91C0 : 00 54 E7 54 54 57       DB 000h, 054h, 0e7h, 054h, 054h, 057h, 052h, 054h, 097h, 050h, 054h, 0b7h, 008h, 054h, 0d7h, 008h
                    52 54 97 50 54 B7 
                    08 54 D7 08 
      35/    91D0 : 54 F7 28 54 4F 18       DB 054h, 0f7h, 028h, 054h, 04fh, 018h, 054h, 08fh, 01fh, 054h, 0afh, 012h, 054h, 0cfh, 000h, 054h
                    54 8F 1F 54 AF 12 
                    54 CF 00 54 
      36/    91E0 : EF A4 54 5F 11 54       DB 0efh, 0a4h, 054h, 05fh, 011h, 054h, 09fh, 05fh, 054h, 0bfh, 009h, 054h, 0dfh, 007h, 054h, 0ffh
                    9F 5F 54 BF 09 54 
                    DF 07 54 FF 
      37/    91F0 : 28 54 27 FC 54 67       DB 028h, 054h, 027h, 0fch, 054h, 067h, 029h, 054h, 077h, 000h, 054h, 06fh, 02ch, 054h, 07fh, 003h
                    29 54 77 00 54 6F 
                    2C 54 7F 03 
      38/    9200 : 54 2F 2E 54 37 00       DB 054h, 02fh, 02eh, 054h, 037h, 000h, 054h, 067h, 029h, 054h, 077h, 000h, 054h, 06fh, 02ch, 054h
                    54 67 29 54 77 00 
                    54 6F 2C 54 
      39/    9210 : 7F 03 54 08 7F 61       DB 07fh, 003h, 054h, 008h, 07fh, 061h, 099h, 040h, 054h, 028h, 02dh, 054h, 030h, 000h, 054h, 029h
                    99 40 54 28 2D 54 
                    30 00 54 29 
      40/    9220 : 2D 54 31 00 54 2A       DB 02dh, 054h, 031h, 000h, 054h, 02ah, 02dh, 054h, 032h, 000h, 054h, 02bh, 02dh, 054h, 033h, 000h
                    2D 54 32 00 54 2B 
                    2D 54 33 00 
      41/    9230 : 54 2C 2D 54 34 00       DB 054h, 02ch, 02dh, 054h, 034h, 000h, 054h, 02dh, 02dh, 054h, 035h, 000h, 054h, 065h, 029h, 054h
                    54 2D 2D 54 35 00 
                    54 65 29 54 
      42/    9240 : 75 00 54 6D 2C 54       DB 075h, 000h, 054h, 06dh, 02ch, 054h, 07dh, 003h, 054h, 02eh, 02dh, 054h, 036h, 000h, 054h, 066h
                    7D 03 54 2E 2D 54 
                    36 00 54 66 
      43/    9250 : 29 54 76 00 54 6E       DB 029h, 054h, 076h, 000h, 054h, 06eh, 02ch, 054h, 07eh, 003h, 054h, 008h, 007h, 054h, 02fh, 02eh
                    2C 54 7E 03 54 08 
                    07 54 2F 2E 
      44/    9260 : 54 37 00 54 2F 31       DB 054h, 037h, 000h, 054h, 02fh, 031h, 054h, 037h, 000h, 054h, 008h, 07fh, 061h, 099h, 040h, 054h
 AS V1.42 Beta [Bld 129] - source file sample_m.asm - page 3 - 2019/1/9 23時41時10


                    54 37 00 54 08 7F 
                    61 99 40 54 
      45/    9270 : 28 2D 54 30 00 54       DB 028h, 02dh, 054h, 030h, 000h, 054h, 029h, 02dh, 054h, 031h, 000h, 054h, 02ah, 02dh, 054h, 032h
                    29 2D 54 31 00 54 
                    2A 2D 54 32 
      46/    9280 : 00 54 2B 2D 54 33       DB 000h, 054h, 02bh, 02dh, 054h, 033h, 000h, 054h, 02ch, 02dh, 054h, 034h, 000h, 054h, 02dh, 02dh
                    00 54 2C 2D 54 34 
                    00 54 2D 2D 
      47/    9290 : 54 35 00 54 2E 2D       DB 054h, 035h, 000h, 054h, 02eh, 02dh, 054h, 036h, 000h, 054h, 008h, 007h, 054h, 02fh, 031h, 054h
                    54 36 00 54 08 07 
                    54 2F 31 54 
      48/    92A0 : 37 00 54 2F 34 54       DB 037h, 000h, 054h, 02fh, 034h, 054h, 037h, 000h, 054h, 008h, 07fh, 061h, 099h, 040h, 054h, 028h
                    37 00 54 08 7F 61 
                    99 40 54 28 
      49/    92B0 : 2D 54 30 00 54 29       DB 02dh, 054h, 030h, 000h, 054h, 029h, 02dh, 054h, 031h, 000h, 054h, 02ah, 02dh, 054h, 032h, 000h
                    2D 54 31 00 54 2A 
                    2D 54 32 00 
      50/    92C0 : 54 2B 2D 54 33 00       DB 054h, 02bh, 02dh, 054h, 033h, 000h, 054h, 02ch, 02dh, 054h, 034h, 000h, 054h, 02dh, 02dh, 054h
                    54 2C 2D 54 34 00 
                    54 2D 2D 54 
      51/    92D0 : 35 00 54 2E 2D 54       DB 035h, 000h, 054h, 02eh, 02dh, 054h, 036h, 000h, 054h, 008h, 007h, 054h, 02fh, 034h, 054h, 037h
                    36 00 54 08 07 54 
                    2F 34 54 37 
      52/    92E0 : 00 54 2F 35 54 37       DB 000h, 054h, 02fh, 035h, 054h, 037h, 000h, 054h, 008h, 07fh, 061h, 099h, 040h, 054h, 028h, 02dh
                    00 54 08 7F 61 99 
                    40 54 28 2D 
      53/    92F0 : 54 30 00 54 29 2D       DB 054h, 030h, 000h, 054h, 029h, 02dh, 054h, 031h, 000h, 054h, 02ah, 02dh, 054h, 032h, 000h, 054h
                    54 31 00 54 2A 2D 
                    54 32 00 54 
      54/    9300 : 2B 2D 54 33 00 54       DB 02bh, 02dh, 054h, 033h, 000h, 054h, 02ch, 02dh, 054h, 034h, 000h, 054h, 02dh, 02dh, 054h, 035h
                    2C 2D 54 34 00 54 
                    2D 2D 54 35 
      55/    9310 : 00 54 2E 2D 54 36       DB 000h, 054h, 02eh, 02dh, 054h, 036h, 000h, 054h, 008h, 007h, 054h, 02fh, 035h, 054h, 037h, 000h
                    00 54 08 07 54 2F 
                    35 54 37 00 
      56/    9320 : 54 2F 34 54 37 00       DB 054h, 02fh, 034h, 054h, 037h, 000h, 054h, 008h, 07fh, 061h, 099h, 040h, 054h, 028h, 02dh, 054h
                    54 08 7F 61 99 40 
                    54 28 2D 54 
      57/    9330 : 30 00 54 29 2D 54       DB 030h, 000h, 054h, 029h, 02dh, 054h, 031h, 000h, 054h, 02ah, 02dh, 054h, 032h, 000h, 054h, 02bh
                    31 00 54 2A 2D 54 
                    32 00 54 2B 
      58/    9340 : 2D 54 33 00 54 2C       DB 02dh, 054h, 033h, 000h, 054h, 02ch, 02dh, 054h, 034h, 000h, 054h, 02dh, 02dh, 054h, 035h, 000h
                    2D 54 34 00 54 2D 
                    2D 54 35 00 
      59/    9350 : 54 2E 2D 54 36 00       DB 054h, 02eh, 02dh, 054h, 036h, 000h, 054h, 008h, 007h, 054h, 02fh, 034h, 054h, 037h, 000h, 054h
                    54 08 07 54 2F 34 
                    54 37 00 54 
      60/    9360 : 2F 31 54 37 00 54       DB 02fh, 031h, 054h, 037h, 000h, 054h, 008h, 07fh, 061h, 099h, 040h, 054h, 028h, 02dh, 054h, 030h
                    08 7F 61 99 40 54 
                    28 2D 54 30 
      61/    9370 : 00 54 29 2D 54 31       DB 000h, 054h, 029h, 02dh, 054h, 031h, 000h, 054h, 02ah, 02dh, 054h, 032h, 000h, 054h, 02bh, 02dh
                    00 54 2A 2D 54 32 
                    00 54 2B 2D 
      62/    9380 : 54 33 00 54 2C 2D       DB 054h, 033h, 000h, 054h, 02ch, 02dh, 054h, 034h, 000h, 054h, 02dh, 02dh, 054h, 035h, 000h, 054h
                    54 34 00 54 2D 2D 
                    54 35 00 54 
      63/    9390 : 2E 2D 54 36 00 54       DB 02eh, 02dh, 054h, 036h, 000h, 054h, 008h, 007h, 054h, 02fh, 031h, 054h, 037h, 000h, 054h, 02fh
                    08 07 54 2F 31 54 
                    37 00 54 2F 
      64/    93A0 : 2E 54 37 00 54 08       DB 02eh, 054h, 037h, 000h, 054h, 008h, 07fh, 061h, 099h, 040h, 054h, 028h, 02dh, 054h, 030h, 000h
 AS V1.42 Beta [Bld 129] - source file sample_m.asm - page 4 - 2019/1/9 23時41時10


                    7F 61 99 40 54 28 
                    2D 54 30 00 
      65/    93B0 : 54 29 2D 54 31 00       DB 054h, 029h, 02dh, 054h, 031h, 000h, 054h, 02ah, 02dh, 054h, 032h, 000h, 054h, 02bh, 02dh, 054h
                    54 2A 2D 54 32 00 
                    54 2B 2D 54 
      66/    93C0 : 33 00 54 2C 2D 54       DB 033h, 000h, 054h, 02ch, 02dh, 054h, 034h, 000h, 054h, 02dh, 02dh, 054h, 035h, 000h, 054h, 02eh
                    34 00 54 2D 2D 54 
                    35 00 54 2E 
      67/    93D0 : 2D 54 36 00 54 08       DB 02dh, 054h, 036h, 000h, 054h, 008h, 007h, 054h, 02fh, 02eh, 054h, 037h, 000h, 061h, 099h, 040h
                    07 54 2F 2E 54 37 
                    00 61 99 40 
      68/    93E0 : 54 28 2D 54 30 00       DB 054h, 028h, 02dh, 054h, 030h, 000h, 054h, 029h, 02dh, 054h, 031h, 000h, 054h, 02ah, 02dh, 054h
                    54 29 2D 54 31 00 
                    54 2A 2D 54 
      69/    93F0 : 32 00 54 2B 2D 54       DB 032h, 000h, 054h, 02bh, 02dh, 054h, 033h, 000h, 054h, 02ch, 02dh, 054h, 034h, 000h, 054h, 02dh
                    33 00 54 2C 2D 54 
                    34 00 54 2D 
      70/    9400 : 2D 54 35 00 54 2E       DB 02dh, 054h, 035h, 000h, 054h, 02eh, 02dh, 054h, 036h, 000h, 054h, 02eh, 02eh, 054h, 036h, 000h
                    2D 54 36 00 54 2E 
                    2E 54 36 00 
      71/    9410 : 54 08 7E 54 2F 2E       DB 054h, 008h, 07eh, 054h, 02fh, 02eh, 054h, 037h, 000h, 054h, 02fh, 034h, 054h, 037h, 000h, 054h
                    54 37 00 54 2F 34 
                    54 37 00 54 
      72/    9420 : 08 7F 61 99 40 54       DB 008h, 07fh, 061h, 099h, 040h, 054h, 028h, 02dh, 054h, 030h, 000h, 054h, 029h, 02dh, 054h, 031h
                    28 2D 54 30 00 54 
                    29 2D 54 31 
      73/    9430 : 00 54 2A 2D 54 32       DB 000h, 054h, 02ah, 02dh, 054h, 032h, 000h, 054h, 02bh, 02dh, 054h, 033h, 000h, 054h, 02ch, 02dh
                    00 54 2B 2D 54 33 
                    00 54 2C 2D 
      74/    9440 : 54 34 00 54 2D 2D       DB 054h, 034h, 000h, 054h, 02dh, 02dh, 054h, 035h, 000h, 054h, 008h, 006h, 054h, 02eh, 02eh, 054h
                    54 35 00 54 08 06 
                    54 2E 2E 54 
      75/    9450 : 36 00 54 2E 31 54       DB 036h, 000h, 054h, 02eh, 031h, 054h, 036h, 000h, 054h, 008h, 07eh, 054h, 008h, 007h, 054h, 02fh
                    36 00 54 08 7E 54 
                    08 07 54 2F 
      76/    9460 : 34 54 37 00 54 2F       DB 034h, 054h, 037h, 000h, 054h, 02fh, 035h, 054h, 037h, 000h, 054h, 008h, 07fh, 061h, 099h, 040h
                    35 54 37 00 54 08 
                    7F 61 99 40 
      77/    9470 : 54 28 2D 54 30 00       DB 054h, 028h, 02dh, 054h, 030h, 000h, 054h, 029h, 02dh, 054h, 031h, 000h, 054h, 02ah, 02dh, 054h
                    54 29 2D 54 31 00 
                    54 2A 2D 54 
      78/    9480 : 32 00 54 2B 2D 54       DB 032h, 000h, 054h, 02bh, 02dh, 054h, 033h, 000h, 054h, 02ch, 02dh, 054h, 034h, 000h, 054h, 02dh
                    33 00 54 2C 2D 54 
                    34 00 54 2D 
      79/    9490 : 2D 54 35 00 54 08       DB 02dh, 054h, 035h, 000h, 054h, 008h, 006h, 054h, 02eh, 031h, 054h, 036h, 000h, 054h, 02eh, 034h
                    06 54 2E 31 54 36 
                    00 54 2E 34 
      80/    94A0 : 54 36 00 54 08 7E       DB 054h, 036h, 000h, 054h, 008h, 07eh, 054h, 008h, 007h, 054h, 02fh, 035h, 054h, 037h, 000h, 054h
                    54 08 07 54 2F 35 
                    54 37 00 54 
      81/    94B0 : 2F 38 54 37 00 54       DB 02fh, 038h, 054h, 037h, 000h, 054h, 008h, 07fh, 061h, 099h, 040h, 054h, 028h, 02dh, 054h, 030h
                    08 7F 61 99 40 54 
                    28 2D 54 30 
      82/    94C0 : 00 54 29 2D 54 31       DB 000h, 054h, 029h, 02dh, 054h, 031h, 000h, 054h, 02ah, 02dh, 054h, 032h, 000h, 054h, 02bh, 02dh
                    00 54 2A 2D 54 32 
                    00 54 2B 2D 
      83/    94D0 : 54 33 00 54 2C 2D       DB 054h, 033h, 000h, 054h, 02ch, 02dh, 054h, 034h, 000h, 054h, 02dh, 02dh, 054h, 035h, 000h, 054h
                    54 34 00 54 2D 2D 
                    54 35 00 54 
      84/    94E0 : 08 06 54 2E 34 54       DB 008h, 006h, 054h, 02eh, 034h, 054h, 036h, 000h, 054h, 02eh, 035h, 054h, 036h, 000h, 054h, 008h
 AS V1.42 Beta [Bld 129] - source file sample_m.asm - page 5 - 2019/1/9 23時41時10


                    36 00 54 2E 35 54 
                    36 00 54 08 
      85/    94F0 : 7E 54 08 07 54 2F       DB 07eh, 054h, 008h, 007h, 054h, 02fh, 038h, 054h, 037h, 000h, 054h, 02fh, 03ah, 054h, 037h, 000h
                    38 54 37 00 54 2F 
                    3A 54 37 00 
      86/    9500 : 54 08 7F 61 99 40       DB 054h, 008h, 07fh, 061h, 099h, 040h, 054h, 028h, 02dh, 054h, 030h, 000h, 054h, 029h, 02dh, 054h
                    54 28 2D 54 30 00 
                    54 29 2D 54 
      87/    9510 : 31 00 54 2A 2D 54       DB 031h, 000h, 054h, 02ah, 02dh, 054h, 032h, 000h, 054h, 02bh, 02dh, 054h, 033h, 000h, 054h, 02ch
                    32 00 54 2B 2D 54 
                    33 00 54 2C 
      88/    9520 : 2D 54 34 00 54 2D       DB 02dh, 054h, 034h, 000h, 054h, 02dh, 02dh, 054h, 035h, 000h, 054h, 008h, 006h, 054h, 02eh, 035h
                    2D 54 35 00 54 08 
                    06 54 2E 35 
      89/    9530 : 54 36 00 54 2E 34       DB 054h, 036h, 000h, 054h, 02eh, 034h, 054h, 036h, 000h, 054h, 008h, 07eh, 054h, 008h, 007h, 054h
                    54 36 00 54 08 7E 
                    54 08 07 54 
      90/    9540 : 2F 3A 54 37 00 54       DB 02fh, 03ah, 054h, 037h, 000h, 054h, 02fh, 038h, 054h, 037h, 000h, 054h, 008h, 07fh, 061h, 099h
                    2F 38 54 37 00 54 
                    08 7F 61 99 
      91/    9550 : 40 54 28 2D 54 30       DB 040h, 054h, 028h, 02dh, 054h, 030h, 000h, 054h, 029h, 02dh, 054h, 031h, 000h, 054h, 02ah, 02dh
                    00 54 29 2D 54 31 
                    00 54 2A 2D 
      92/    9560 : 54 32 00 54 2B 2D       DB 054h, 032h, 000h, 054h, 02bh, 02dh, 054h, 033h, 000h, 054h, 02ch, 02dh, 054h, 034h, 000h, 054h
                    54 33 00 54 2C 2D 
                    54 34 00 54 
      93/    9570 : 2D 2D 54 35 00 54       DB 02dh, 02dh, 054h, 035h, 000h, 054h, 008h, 006h, 054h, 02eh, 034h, 054h, 036h, 000h, 054h, 02eh
                    08 06 54 2E 34 54 
                    36 00 54 2E 
      94/    9580 : 31 54 36 00 54 08       DB 031h, 054h, 036h, 000h, 054h, 008h, 07eh, 054h, 008h, 007h, 054h, 02fh, 038h, 054h, 037h, 000h
                    7E 54 08 07 54 2F 
                    38 54 37 00 
      95/    9590 : 54 2F 35 54 37 00       DB 054h, 02fh, 035h, 054h, 037h, 000h, 054h, 008h, 07fh, 061h, 099h, 040h, 054h, 028h, 02dh, 054h
                    54 08 7F 61 99 40 
                    54 28 2D 54 
      96/    95A0 : 30 00 54 29 2D 54       DB 030h, 000h, 054h, 029h, 02dh, 054h, 031h, 000h, 054h, 02ah, 02dh, 054h, 032h, 000h, 054h, 02bh
                    31 00 54 2A 2D 54 
                    32 00 54 2B 
      97/    95B0 : 2D 54 33 00 54 2C       DB 02dh, 054h, 033h, 000h, 054h, 02ch, 02dh, 054h, 034h, 000h, 054h, 02dh, 02dh, 054h, 035h, 000h
                    2D 54 34 00 54 2D 
                    2D 54 35 00 
      98/    95C0 : 54 08 06 54 2E 31       DB 054h, 008h, 006h, 054h, 02eh, 031h, 054h, 036h, 000h, 054h, 02eh, 02eh, 054h, 036h, 000h, 054h
                    54 36 00 54 2E 2E 
                    54 36 00 54 
      99/    95D0 : 08 7E 54 08 07 54       DB 008h, 07eh, 054h, 008h, 007h, 054h, 02fh, 035h, 054h, 037h, 000h, 054h, 02fh, 034h, 054h, 037h
                    2F 35 54 37 00 54 
                    2F 34 54 37 
     100/    95E0 : 00 54 08 7F 61 99       DB 000h, 054h, 008h, 07fh, 061h, 099h, 040h, 054h, 028h, 02dh, 054h, 030h, 000h, 054h, 029h, 02dh
                    40 54 28 2D 54 30 
                    00 54 29 2D 
     101/    95F0 : 54 31 00 54 2A 2D       DB 054h, 031h, 000h, 054h, 02ah, 02dh, 054h, 032h, 000h, 054h, 02bh, 02dh, 054h, 033h, 000h, 054h
                    54 32 00 54 2B 2D 
                    54 33 00 54 
     102/    9600 : 2C 2D 54 34 00 54       DB 02ch, 02dh, 054h, 034h, 000h, 054h, 02dh, 02dh, 054h, 035h, 000h, 054h, 008h, 006h, 054h, 02eh
                    2D 2D 54 35 00 54 
                    08 06 54 2E 
     103/    9610 : 2E 54 36 00 54 08       DB 02eh, 054h, 036h, 000h, 054h, 008h, 007h, 054h, 02fh, 034h, 054h, 037h, 000h, 061h, 099h, 040h
                    07 54 2F 34 54 37 
                    00 61 99 40 
     104/    9620 : 54 28 2D 54 30 00       DB 054h, 028h, 02dh, 054h, 030h, 000h, 054h, 029h, 02dh, 054h, 031h, 000h, 054h, 02ah, 02dh, 054h
 AS V1.42 Beta [Bld 129] - source file sample_m.asm - page 6 - 2019/1/9 23時41時10


                    54 29 2D 54 31 00 
                    54 2A 2D 54 
     105/    9630 : 32 00 54 2B 2D 54       DB 032h, 000h, 054h, 02bh, 02dh, 054h, 033h, 000h, 054h, 02ch, 02dh, 054h, 034h, 000h, 054h, 02dh
                    33 00 54 2C 2D 54 
                    34 00 54 2D 
     106/    9640 : 2D 54 35 00 54 2D       DB 02dh, 054h, 035h, 000h, 054h, 02dh, 02eh, 054h, 035h, 000h, 054h, 008h, 07dh, 054h, 02eh, 02eh
                    2E 54 35 00 54 08 
                    7D 54 2E 2E 
     107/    9650 : 54 36 00 54 2E 34       DB 054h, 036h, 000h, 054h, 02eh, 034h, 054h, 036h, 000h, 054h, 008h, 07eh, 054h, 02fh, 034h, 054h
                    54 36 00 54 08 7E 
                    54 2F 34 54 
     108/    9660 : 37 00 54 2F 2E 54       DB 037h, 000h, 054h, 02fh, 02eh, 054h, 037h, 000h, 054h, 008h, 07fh, 061h, 099h, 040h, 054h, 028h
                    37 00 54 08 7F 61 
                    99 40 54 28 
     109/    9670 : 2D 54 30 00 54 29       DB 02dh, 054h, 030h, 000h, 054h, 029h, 02dh, 054h, 031h, 000h, 054h, 02ah, 02dh, 054h, 032h, 000h
                    2D 54 31 00 54 2A 
                    2D 54 32 00 
     110/    9680 : 54 2B 2D 54 33 00       DB 054h, 02bh, 02dh, 054h, 033h, 000h, 054h, 02ch, 02dh, 054h, 034h, 000h, 054h, 008h, 005h, 054h
                    54 2C 2D 54 34 00 
                    54 08 05 54 
     111/    9690 : 2D 2E 54 35 00 54       DB 02dh, 02eh, 054h, 035h, 000h, 054h, 02dh, 031h, 054h, 035h, 000h, 054h, 008h, 07dh, 054h, 008h
                    2D 31 54 35 00 54 
                    08 7D 54 08 
     112/    96A0 : 06 54 2E 34 54 36       DB 006h, 054h, 02eh, 034h, 054h, 036h, 000h, 054h, 02eh, 035h, 054h, 036h, 000h, 054h, 008h, 07eh
                    00 54 2E 35 54 36 
                    00 54 08 7E 
     113/    96B0 : 54 08 07 54 2F 2E       DB 054h, 008h, 007h, 054h, 02fh, 02eh, 054h, 037h, 000h, 061h, 099h, 040h, 054h, 028h, 02dh, 054h
                    54 37 00 61 99 40 
                    54 28 2D 54 
     114/    96C0 : 30 00 54 29 2D 54       DB 030h, 000h, 054h, 029h, 02dh, 054h, 031h, 000h, 054h, 02ah, 02dh, 054h, 032h, 000h, 054h, 02bh
                    31 00 54 2A 2D 54 
                    32 00 54 2B 
     115/    96D0 : 2D 54 33 00 54 2C       DB 02dh, 054h, 033h, 000h, 054h, 02ch, 02dh, 054h, 034h, 000h, 054h, 008h, 005h, 054h, 02dh, 031h
                    2D 54 34 00 54 08 
                    05 54 2D 31 
     116/    96E0 : 54 35 00 54 2D 34       DB 054h, 035h, 000h, 054h, 02dh, 034h, 054h, 035h, 000h, 054h, 008h, 07dh, 054h, 008h, 006h, 054h
                    54 35 00 54 08 7D 
                    54 08 06 54 
     117/    96F0 : 2E 35 54 36 00 54       DB 02eh, 035h, 054h, 036h, 000h, 054h, 02eh, 038h, 054h, 036h, 000h, 054h, 008h, 07eh, 054h, 02fh
                    2E 38 54 36 00 54 
                    08 7E 54 2F 
     118/    9700 : 2E 54 37 00 54 2F       DB 02eh, 054h, 037h, 000h, 054h, 02fh, 02eh, 054h, 037h, 000h, 054h, 008h, 07fh, 061h, 099h, 040h
                    2E 54 37 00 54 08 
                    7F 61 99 40 
     119/    9710 : 54 28 2D 54 30 00       DB 054h, 028h, 02dh, 054h, 030h, 000h, 054h, 029h, 02dh, 054h, 031h, 000h, 054h, 02ah, 02dh, 054h
                    54 29 2D 54 31 00 
                    54 2A 2D 54 
     120/    9720 : 32 00 54 2B 2D 54       DB 032h, 000h, 054h, 02bh, 02dh, 054h, 033h, 000h, 054h, 02ch, 02dh, 054h, 034h, 000h, 054h, 008h
                    33 00 54 2C 2D 54 
                    34 00 54 08 
     121/    9730 : 05 54 2D 34 54 35       DB 005h, 054h, 02dh, 034h, 054h, 035h, 000h, 054h, 02dh, 035h, 054h, 035h, 000h, 054h, 008h, 07dh
                    00 54 2D 35 54 35 
                    00 54 08 7D 
     122/    9740 : 54 08 06 54 2E 38       DB 054h, 008h, 006h, 054h, 02eh, 038h, 054h, 036h, 000h, 054h, 02eh, 03ah, 054h, 036h, 000h, 054h
                    54 36 00 54 2E 3A 
                    54 36 00 54 
     123/    9750 : 08 7E 54 08 07 54       DB 008h, 07eh, 054h, 008h, 007h, 054h, 02fh, 02eh, 054h, 037h, 000h, 061h, 099h, 040h, 054h, 028h
                    2F 2E 54 37 00 61 
                    99 40 54 28 
     124/    9760 : 2D 54 30 00 54 29       DB 02dh, 054h, 030h, 000h, 054h, 029h, 02dh, 054h, 031h, 000h, 054h, 02ah, 02dh, 054h, 032h, 000h
 AS V1.42 Beta [Bld 129] - source file sample_m.asm - page 7 - 2019/1/9 23時41時10


                    2D 54 31 00 54 2A 
                    2D 54 32 00 
     125/    9770 : 54 2B 2D 54 33 00       DB 054h, 02bh, 02dh, 054h, 033h, 000h, 054h, 02ch, 02dh, 054h, 034h, 000h, 054h, 008h, 005h, 054h
                    54 2C 2D 54 34 00 
                    54 08 05 54 
     126/    9780 : 2D 35 54 35 00 54       DB 02dh, 035h, 054h, 035h, 000h, 054h, 02dh, 034h, 054h, 035h, 000h, 054h, 008h, 07dh, 054h, 008h
                    2D 34 54 35 00 54 
                    08 7D 54 08 
     127/    9790 : 06 54 2E 3A 54 36       DB 006h, 054h, 02eh, 03ah, 054h, 036h, 000h, 054h, 02eh, 038h, 054h, 036h, 000h, 054h, 008h, 07eh
                    00 54 2E 38 54 36 
                    00 54 08 7E 
     128/    97A0 : 54 2F 2E 54 37 00       DB 054h, 02fh, 02eh, 054h, 037h, 000h, 054h, 02fh, 02eh, 054h, 037h, 000h, 054h, 008h, 07fh, 061h
                    54 2F 2E 54 37 00 
                    54 08 7F 61 
     129/    97B0 : 99 40 54 28 2D 54       DB 099h, 040h, 054h, 028h, 02dh, 054h, 030h, 000h, 054h, 029h, 02dh, 054h, 031h, 000h, 054h, 02ah
                    30 00 54 29 2D 54 
                    31 00 54 2A 
     130/    97C0 : 2D 54 32 00 54 2B       DB 02dh, 054h, 032h, 000h, 054h, 02bh, 02dh, 054h, 033h, 000h, 054h, 02ch, 02dh, 054h, 034h, 000h
                    2D 54 33 00 54 2C 
                    2D 54 34 00 
     131/    97D0 : 54 08 05 54 2D 34       DB 054h, 008h, 005h, 054h, 02dh, 034h, 054h, 035h, 000h, 054h, 02dh, 031h, 054h, 035h, 000h, 054h
                    54 35 00 54 2D 31 
                    54 35 00 54 
     132/    97E0 : 08 7D 54 08 06 54       DB 008h, 07dh, 054h, 008h, 006h, 054h, 02eh, 038h, 054h, 036h, 000h, 054h, 02eh, 035h, 054h, 036h
                    2E 38 54 36 00 54 
                    2E 35 54 36 
     133/    97F0 : 00 54 08 7E 54 08       DB 000h, 054h, 008h, 07eh, 054h, 008h, 007h, 054h, 02fh, 02eh, 054h, 037h, 000h, 061h, 099h, 040h
                    07 54 2F 2E 54 37 
                    00 61 99 40 
     134/    9800 : 54 28 2D 54 30 00       DB 054h, 028h, 02dh, 054h, 030h, 000h, 054h, 029h, 02dh, 054h, 031h, 000h, 054h, 02ah, 02dh, 054h
                    54 29 2D 54 31 00 
                    54 2A 2D 54 
     135/    9810 : 32 00 54 2B 2D 54       DB 032h, 000h, 054h, 02bh, 02dh, 054h, 033h, 000h, 054h, 02ch, 02dh, 054h, 034h, 000h, 054h, 008h
                    33 00 54 2C 2D 54 
                    34 00 54 08 
     136/    9820 : 05 54 2D 31 54 35       DB 005h, 054h, 02dh, 031h, 054h, 035h, 000h, 054h, 02dh, 02eh, 054h, 035h, 000h, 054h, 008h, 07dh
                    00 54 2D 2E 54 35 
                    00 54 08 7D 
     137/    9830 : 54 08 06 54 2E 35       DB 054h, 008h, 006h, 054h, 02eh, 035h, 054h, 036h, 000h, 054h, 02eh, 034h, 054h, 036h, 000h, 054h
                    54 36 00 54 2E 34 
                    54 36 00 54 
     138/    9840 : 08 7E 54 2F 2E 54       DB 008h, 07eh, 054h, 02fh, 02eh, 054h, 037h, 000h, 054h, 02fh, 02eh, 054h, 037h, 000h, 054h, 008h
                    37 00 54 2F 2E 54 
                    37 00 54 08 
     139/    9850 : 7F 61 99 40 54 28       DB 07fh, 061h, 099h, 040h, 054h, 028h, 02dh, 054h, 030h, 000h, 054h, 029h, 02dh, 054h, 031h, 000h
                    2D 54 30 00 54 29 
                    2D 54 31 00 
     140/    9860 : 54 2A 2D 54 32 00       DB 054h, 02ah, 02dh, 054h, 032h, 000h, 054h, 02bh, 02dh, 054h, 033h, 000h, 054h, 02ch, 02dh, 054h
                    54 2B 2D 54 33 00 
                    54 2C 2D 54 
     141/    9870 : 34 00 54 08 05 54       DB 034h, 000h, 054h, 008h, 005h, 054h, 02dh, 02eh, 054h, 035h, 000h, 054h, 008h, 006h, 054h, 02eh
                    2D 2E 54 35 00 54 
                    08 06 54 2E 
     142/    9880 : 34 54 36 00 54 08       DB 034h, 054h, 036h, 000h, 054h, 008h, 007h, 054h, 02fh, 02eh, 054h, 037h, 000h, 061h, 099h, 040h
                    07 54 2F 2E 54 37 
                    00 61 99 40 
     143/    9890 : 54 28 2D 54 30 00       DB 054h, 028h, 02dh, 054h, 030h, 000h, 054h, 029h, 02dh, 054h, 031h, 000h, 054h, 02ah, 02dh, 054h
                    54 29 2D 54 31 00 
                    54 2A 2D 54 
     144/    98A0 : 32 00 54 2B 2D 54       DB 032h, 000h, 054h, 02bh, 02dh, 054h, 033h, 000h, 054h, 02ch, 02dh, 054h, 034h, 000h, 054h, 02dh
 AS V1.42 Beta [Bld 129] - source file sample_m.asm - page 8 - 2019/1/9 23時41時10


                    33 00 54 2C 2D 54 
                    34 00 54 2D 
     145/    98B0 : 2E 54 35 00 54 2D       DB 02eh, 054h, 035h, 000h, 054h, 02dh, 034h, 054h, 035h, 000h, 054h, 008h, 07dh, 054h, 02eh, 034h
                    34 54 35 00 54 08 
                    7D 54 2E 34 
     146/    98C0 : 54 36 00 54 2E 2E       DB 054h, 036h, 000h, 054h, 02eh, 02eh, 054h, 036h, 000h, 054h, 008h, 07eh, 054h, 02fh, 02eh, 054h
                    54 36 00 54 08 7E 
                    54 2F 2E 54 
     147/    98D0 : 37 00 54 2F 2E 54       DB 037h, 000h, 054h, 02fh, 02eh, 054h, 037h, 000h, 054h, 008h, 07fh, 061h, 04ch, 020h, 054h, 028h
                    37 00 54 08 7F 61 
                    4C 20 54 28 
     148/    98E0 : 2D 54 30 00 54 29       DB 02dh, 054h, 030h, 000h, 054h, 029h, 02dh, 054h, 031h, 000h, 054h, 02ah, 02dh, 054h, 032h, 000h
                    2D 54 31 00 54 2A 
                    2D 54 32 00 
     149/    98F0 : 54 2B 2D 54 33 00       DB 054h, 02bh, 02dh, 054h, 033h, 000h, 054h, 02ch, 02dh, 054h, 034h, 000h, 054h, 02dh, 034h, 054h
                    54 2C 2D 54 34 00 
                    54 2D 34 54 
     150/    9900 : 35 00 54 2E 2E 54       DB 035h, 000h, 054h, 02eh, 02eh, 054h, 036h, 000h, 054h, 008h, 007h, 054h, 02fh, 02eh, 054h, 037h
                    36 00 54 08 07 54 
                    2F 2E 54 37 
     151/    9910 : 00 54 2F 2E 54 37       DB 000h, 054h, 02fh, 02eh, 054h, 037h, 000h, 054h, 008h, 07fh, 061h, 04ch, 020h, 054h, 028h, 02dh
                    00 54 08 7F 61 4C 
                    20 54 28 2D 
     152/    9920 : 54 30 00 54 29 2D       DB 054h, 030h, 000h, 054h, 029h, 02dh, 054h, 031h, 000h, 054h, 02ah, 02dh, 054h, 032h, 000h, 054h
                    54 31 00 54 2A 2D 
                    54 32 00 54 
     153/    9930 : 2B 2D 54 33 00 54       DB 02bh, 02dh, 054h, 033h, 000h, 054h, 02ch, 02dh, 054h, 034h, 000h, 054h, 008h, 005h, 054h, 02dh
                    2C 2D 54 34 00 54 
                    08 05 54 2D 
     154/    9940 : 34 54 35 00 54 2D       DB 034h, 054h, 035h, 000h, 054h, 02dh, 035h, 054h, 035h, 000h, 054h, 008h, 07dh, 054h, 008h, 006h
                    35 54 35 00 54 08 
                    7D 54 08 06 
     155/    9950 : 54 2E 2E 54 36 00       DB 054h, 02eh, 02eh, 054h, 036h, 000h, 054h, 008h, 007h, 054h, 02fh, 02eh, 054h, 037h, 000h, 054h
                    54 08 07 54 2F 2E 
                    54 37 00 54 
     156/    9960 : 2F 31 54 37 00 54       DB 02fh, 031h, 054h, 037h, 000h, 054h, 008h, 07fh, 061h, 04ch, 020h, 054h, 028h, 02dh, 054h, 030h
                    08 7F 61 4C 20 54 
                    28 2D 54 30 
     157/    9970 : 00 54 29 2D 54 31       DB 000h, 054h, 029h, 02dh, 054h, 031h, 000h, 054h, 02ah, 02dh, 054h, 032h, 000h, 054h, 02bh, 02dh
                    00 54 2A 2D 54 32 
                    00 54 2B 2D 
     158/    9980 : 54 33 00 54 2C 2D       DB 054h, 033h, 000h, 054h, 02ch, 02dh, 054h, 034h, 000h, 054h, 02dh, 035h, 054h, 035h, 000h, 054h
                    54 34 00 54 2D 35 
                    54 35 00 54 
     159/    9990 : 2E 2E 54 36 00 54       DB 02eh, 02eh, 054h, 036h, 000h, 054h, 008h, 007h, 054h, 02fh, 031h, 054h, 037h, 000h, 054h, 02fh
                    08 07 54 2F 31 54 
                    37 00 54 2F 
     160/    99A0 : 31 54 37 00 54 08       DB 031h, 054h, 037h, 000h, 054h, 008h, 07fh, 061h, 04ch, 020h, 054h, 028h, 02dh, 054h, 030h, 000h
                    7F 61 4C 20 54 28 
                    2D 54 30 00 
     161/    99B0 : 54 29 2D 54 31 00       DB 054h, 029h, 02dh, 054h, 031h, 000h, 054h, 02ah, 02dh, 054h, 032h, 000h, 054h, 02bh, 02dh, 054h
                    54 2A 2D 54 32 00 
                    54 2B 2D 54 
     162/    99C0 : 33 00 54 2C 2D 54       DB 033h, 000h, 054h, 02ch, 02dh, 054h, 034h, 000h, 054h, 008h, 005h, 054h, 02dh, 035h, 054h, 035h
                    34 00 54 08 05 54 
                    2D 35 54 35 
     163/    99D0 : 00 54 2D 38 54 35       DB 000h, 054h, 02dh, 038h, 054h, 035h, 000h, 054h, 008h, 07dh, 054h, 02eh, 02eh, 054h, 036h, 000h
                    00 54 08 7D 54 2E 
                    2E 54 36 00 
     164/    99E0 : 54 2E 2E 54 36 00       DB 054h, 02eh, 02eh, 054h, 036h, 000h, 054h, 008h, 07eh, 054h, 008h, 007h, 054h, 02fh, 031h, 054h
 AS V1.42 Beta [Bld 129] - source file sample_m.asm - page 9 - 2019/1/9 23時41時10


                    54 08 7E 54 08 07 
                    54 2F 31 54 
     165/    99F0 : 37 00 54 2F 34 54       DB 037h, 000h, 054h, 02fh, 034h, 054h, 037h, 000h, 054h, 008h, 07fh, 061h, 04ch, 020h, 054h, 028h
                    37 00 54 08 7F 61 
                    4C 20 54 28 
     166/    9A00 : 2D 54 30 00 54 29       DB 02dh, 054h, 030h, 000h, 054h, 029h, 02dh, 054h, 031h, 000h, 054h, 02ah, 02dh, 054h, 032h, 000h
                    2D 54 31 00 54 2A 
                    2D 54 32 00 
     167/    9A10 : 54 2B 2D 54 33 00       DB 054h, 02bh, 02dh, 054h, 033h, 000h, 054h, 02ch, 02dh, 054h, 034h, 000h, 054h, 02dh, 038h, 054h
                    54 2C 2D 54 34 00 
                    54 2D 38 54 
     168/    9A20 : 35 00 54 2E 2E 54       DB 035h, 000h, 054h, 02eh, 02eh, 054h, 036h, 000h, 054h, 008h, 007h, 054h, 02fh, 034h, 054h, 037h
                    36 00 54 08 07 54 
                    2F 34 54 37 
     169/    9A30 : 00 54 2F 34 54 37       DB 000h, 054h, 02fh, 034h, 054h, 037h, 000h, 054h, 008h, 07fh, 061h, 04ch, 020h, 054h, 028h, 02dh
                    00 54 08 7F 61 4C 
                    20 54 28 2D 
     170/    9A40 : 54 30 00 54 29 2D       DB 054h, 030h, 000h, 054h, 029h, 02dh, 054h, 031h, 000h, 054h, 02ah, 02dh, 054h, 032h, 000h, 054h
                    54 31 00 54 2A 2D 
                    54 32 00 54 
     171/    9A50 : 2B 2D 54 33 00 54       DB 02bh, 02dh, 054h, 033h, 000h, 054h, 02ch, 02dh, 054h, 034h, 000h, 054h, 008h, 005h, 054h, 02dh
                    2C 2D 54 34 00 54 
                    08 05 54 2D 
     172/    9A60 : 38 54 35 00 54 2D       DB 038h, 054h, 035h, 000h, 054h, 02dh, 03ah, 054h, 035h, 000h, 054h, 008h, 07dh, 054h, 008h, 006h
                    3A 54 35 00 54 08 
                    7D 54 08 06 
     173/    9A70 : 54 2E 2E 54 36 00       DB 054h, 02eh, 02eh, 054h, 036h, 000h, 054h, 008h, 007h, 054h, 02fh, 034h, 054h, 037h, 000h, 054h
                    54 08 07 54 2F 34 
                    54 37 00 54 
     174/    9A80 : 2F 35 54 37 00 54       DB 02fh, 035h, 054h, 037h, 000h, 054h, 008h, 07fh, 061h, 04ch, 020h, 054h, 028h, 02dh, 054h, 030h
                    08 7F 61 4C 20 54 
                    28 2D 54 30 
     175/    9A90 : 00 54 29 2D 54 31       DB 000h, 054h, 029h, 02dh, 054h, 031h, 000h, 054h, 02ah, 02dh, 054h, 032h, 000h, 054h, 02bh, 02dh
                    00 54 2A 2D 54 32 
                    00 54 2B 2D 
     176/    9AA0 : 54 33 00 54 2C 2D       DB 054h, 033h, 000h, 054h, 02ch, 02dh, 054h, 034h, 000h, 054h, 02dh, 03ah, 054h, 035h, 000h, 054h
                    54 34 00 54 2D 3A 
                    54 35 00 54 
     177/    9AB0 : 2E 2E 54 36 00 54       DB 02eh, 02eh, 054h, 036h, 000h, 054h, 008h, 007h, 054h, 02fh, 035h, 054h, 037h, 000h, 054h, 02fh
                    08 07 54 2F 35 54 
                    37 00 54 2F 
     178/    9AC0 : 35 54 37 00 54 08       DB 035h, 054h, 037h, 000h, 054h, 008h, 07fh, 061h, 04ch, 020h, 054h, 028h, 02dh, 054h, 030h, 000h
                    7F 61 4C 20 54 28 
                    2D 54 30 00 
     179/    9AD0 : 54 29 2D 54 31 00       DB 054h, 029h, 02dh, 054h, 031h, 000h, 054h, 02ah, 02dh, 054h, 032h, 000h, 054h, 02bh, 02dh, 054h
                    54 2A 2D 54 32 00 
                    54 2B 2D 54 
     180/    9AE0 : 33 00 54 2C 2D 54       DB 033h, 000h, 054h, 02ch, 02dh, 054h, 034h, 000h, 054h, 008h, 005h, 054h, 02dh, 03ah, 054h, 035h
                    34 00 54 08 05 54 
                    2D 3A 54 35 
     181/    9AF0 : 00 54 2D 38 54 35       DB 000h, 054h, 02dh, 038h, 054h, 035h, 000h, 054h, 008h, 07dh, 054h, 02eh, 02eh, 054h, 036h, 000h
                    00 54 08 7D 54 2E 
                    2E 54 36 00 
     182/    9B00 : 54 2E 2E 54 36 00       DB 054h, 02eh, 02eh, 054h, 036h, 000h, 054h, 008h, 07eh, 054h, 008h, 007h, 054h, 02fh, 035h, 054h
                    54 08 7E 54 08 07 
                    54 2F 35 54 
     183/    9B10 : 37 00 54 2F 34 54       DB 037h, 000h, 054h, 02fh, 034h, 054h, 037h, 000h, 054h, 008h, 07fh, 061h, 099h, 040h, 054h, 028h
                    37 00 54 08 7F 61 
                    99 40 54 28 
     184/    9B20 : 2D 54 30 00 54 29       DB 02dh, 054h, 030h, 000h, 054h, 029h, 02dh, 054h, 031h, 000h, 054h, 02ah, 02dh, 054h, 032h, 000h
 AS V1.42 Beta [Bld 129] - source file sample_m.asm - page 10 - 2019/1/9 23時41時10


                    2D 54 31 00 54 2A 
                    2D 54 32 00 
     185/    9B30 : 54 2B 2D 54 33 00       DB 054h, 02bh, 02dh, 054h, 033h, 000h, 054h, 02ch, 02dh, 054h, 034h, 000h, 054h, 008h, 005h, 054h
                    54 2C 2D 54 34 00 
                    54 08 05 54 
     186/    9B40 : 2D 38 54 35 00 54       DB 02dh, 038h, 054h, 035h, 000h, 054h, 02dh, 035h, 054h, 035h, 000h, 054h, 008h, 07dh, 054h, 008h
                    2D 35 54 35 00 54 
                    08 7D 54 08 
     187/    9B50 : 06 54 2E 2E 54 36       DB 006h, 054h, 02eh, 02eh, 054h, 036h, 000h, 054h, 008h, 007h, 054h, 02fh, 034h, 054h, 037h, 000h
                    00 54 08 07 54 2F 
                    34 54 37 00 
     188/    9B60 : 54 2F 31 54 37 00       DB 054h, 02fh, 031h, 054h, 037h, 000h, 054h, 008h, 07fh, 061h, 099h, 040h, 054h, 028h, 02dh, 054h
                    54 08 7F 61 99 40 
                    54 28 2D 54 
     189/    9B70 : 30 00 54 29 2D 54       DB 030h, 000h, 054h, 029h, 02dh, 054h, 031h, 000h, 054h, 02ah, 02dh, 054h, 032h, 000h, 054h, 02bh
                    31 00 54 2A 2D 54 
                    32 00 54 2B 
     190/    9B80 : 2D 54 33 00 54 2C       DB 02dh, 054h, 033h, 000h, 054h, 02ch, 02dh, 054h, 034h, 000h, 054h, 008h, 005h, 054h, 02dh, 035h
                    2D 54 34 00 54 08 
                    05 54 2D 35 
     191/    9B90 : 54 35 00 54 2D 34       DB 054h, 035h, 000h, 054h, 02dh, 034h, 054h, 035h, 000h, 054h, 008h, 07dh, 054h, 02eh, 02eh, 054h
                    54 35 00 54 08 7D 
                    54 2E 2E 54 
     192/    9BA0 : 36 00 54 2E 2E 54       DB 036h, 000h, 054h, 02eh, 02eh, 054h, 036h, 000h, 054h, 008h, 07eh, 054h, 008h, 007h, 054h, 02fh
                    36 00 54 08 7E 54 
                    08 07 54 2F 
     193/    9BB0 : 31 54 37 00 54 2F       DB 031h, 054h, 037h, 000h, 054h, 02fh, 02eh, 054h, 037h, 000h, 054h, 008h, 07fh, 061h, 099h, 040h
                    2E 54 37 00 54 08 
                    7F 61 99 40 
     194/    9BC0 : 54 28 2D 54 30 00       DB 054h, 028h, 02dh, 054h, 030h, 000h, 054h, 029h, 02dh, 054h, 031h, 000h, 054h, 02ah, 02dh, 054h
                    54 29 2D 54 31 00 
                    54 2A 2D 54 
     195/    9BD0 : 32 00 54 2B 2D 54       DB 032h, 000h, 054h, 02bh, 02dh, 054h, 033h, 000h, 054h, 02ch, 02dh, 054h, 034h, 000h, 054h, 008h
                    33 00 54 2C 2D 54 
                    34 00 54 08 
     196/    9BE0 : 05 54 2D 34 54 35       DB 005h, 054h, 02dh, 034h, 054h, 035h, 000h, 054h, 008h, 006h, 054h, 02eh, 02eh, 054h, 036h, 000h
                    00 54 08 06 54 2E 
                    2E 54 36 00 
     197/    9BF0 : 54 08 07 54 2F 2E       DB 054h, 008h, 007h, 054h, 02fh, 02eh, 054h, 037h, 000h, 061h, 099h, 040h, 054h, 028h, 02dh, 054h
                    54 37 00 61 99 40 
                    54 28 2D 54 
     198/    9C00 : 30 00 54 29 2D 54       DB 030h, 000h, 054h, 029h, 02dh, 054h, 031h, 000h, 054h, 02ah, 02dh, 054h, 032h, 000h, 054h, 02bh
                    31 00 54 2A 2D 54 
                    32 00 54 2B 
     199/    9C10 : 2D 54 33 00 54 2C       DB 02dh, 054h, 033h, 000h, 054h, 02ch, 02dh, 054h, 034h, 000h, 054h, 02dh, 034h, 054h, 035h, 000h
                    2D 54 34 00 54 2D 
                    34 54 35 00 
     200/    9C20 : 54 2D 2E 54 35 00       DB 054h, 02dh, 02eh, 054h, 035h, 000h, 054h, 008h, 07dh, 054h, 02eh, 02eh, 054h, 036h, 000h, 054h
                    54 08 7D 54 2E 2E 
                    54 36 00 54 
     201/    9C30 : 2E 2E 54 36 00 54       DB 02eh, 02eh, 054h, 036h, 000h, 054h, 008h, 07eh, 054h, 02fh, 02eh, 054h, 037h, 000h, 061h, 04ch
                    08 7E 54 2F 2E 54 
                    37 00 61 4C 
     202/    9C40 : 20 54 28 2D 54 30       DB 020h, 054h, 028h, 02dh, 054h, 030h, 000h, 054h, 029h, 02dh, 054h, 031h, 000h, 054h, 02ah, 02dh
                    00 54 29 2D 54 31 
                    00 54 2A 2D 
     203/    9C50 : 54 32 00 54 2B 2D       DB 054h, 032h, 000h, 054h, 02bh, 02dh, 054h, 033h, 000h, 054h, 02ch, 02dh, 054h, 034h, 000h, 054h
                    54 33 00 54 2C 2D 
                    54 34 00 54 
     204/    9C60 : 2D 2E 54 35 00 54       DB 02dh, 02eh, 054h, 035h, 000h, 054h, 008h, 006h, 054h, 02eh, 02eh, 054h, 036h, 000h, 054h, 02eh
 AS V1.42 Beta [Bld 129] - source file sample_m.asm - page 11 - 2019/1/9 23時41時10


                    08 06 54 2E 2E 54 
                    36 00 54 2E 
     205/    9C70 : 2E 54 36 00 54 08       DB 02eh, 054h, 036h, 000h, 054h, 008h, 07eh, 054h, 02fh, 02eh, 054h, 037h, 000h, 061h, 04ch, 020h
                    7E 54 2F 2E 54 37 
                    00 61 4C 20 
     206/    9C80 : 54 28 2D 54 30 00       DB 054h, 028h, 02dh, 054h, 030h, 000h, 054h, 029h, 02dh, 054h, 031h, 000h, 054h, 02ah, 02dh, 054h
                    54 29 2D 54 31 00 
                    54 2A 2D 54 
     207/    9C90 : 32 00 54 2B 2D 54       DB 032h, 000h, 054h, 02bh, 02dh, 054h, 033h, 000h, 054h, 02ch, 02dh, 054h, 034h, 000h, 054h, 008h
                    33 00 54 2C 2D 54 
                    34 00 54 08 
     208/    9CA0 : 05 54 2D 2E 54 35       DB 005h, 054h, 02dh, 02eh, 054h, 035h, 000h, 054h, 008h, 006h, 054h, 02eh, 02eh, 054h, 036h, 000h
                    00 54 08 06 54 2E 
                    2E 54 36 00 
     209/    9CB0 : 54 2E 31 54 36 00       DB 054h, 02eh, 031h, 054h, 036h, 000h, 054h, 008h, 07eh, 054h, 02fh, 02eh, 054h, 037h, 000h, 061h
                    54 08 7E 54 2F 2E 
                    54 37 00 61 
     210/    9CC0 : 4C 20 54 28 2D 54       DB 04ch, 020h, 054h, 028h, 02dh, 054h, 030h, 000h, 054h, 029h, 02dh, 054h, 031h, 000h, 054h, 02ah
                    30 00 54 29 2D 54 
                    31 00 54 2A 
     211/    9CD0 : 2D 54 32 00 54 2B       DB 02dh, 054h, 032h, 000h, 054h, 02bh, 02dh, 054h, 033h, 000h, 054h, 02ch, 02dh, 054h, 034h, 000h
                    2D 54 33 00 54 2C 
                    2D 54 34 00 
     212/    9CE0 : 54 2D 2E 54 35 00       DB 054h, 02dh, 02eh, 054h, 035h, 000h, 054h, 008h, 006h, 054h, 02eh, 031h, 054h, 036h, 000h, 054h
                    54 08 06 54 2E 31 
                    54 36 00 54 
     213/    9CF0 : 2E 31 54 36 00 54       DB 02eh, 031h, 054h, 036h, 000h, 054h, 008h, 07eh, 054h, 02fh, 02eh, 054h, 037h, 000h, 061h, 04ch
                    08 7E 54 2F 2E 54 
                    37 00 61 4C 
     214/    9D00 : 20 54 28 2D 54 30       DB 020h, 054h, 028h, 02dh, 054h, 030h, 000h, 054h, 029h, 02dh, 054h, 031h, 000h, 054h, 02ah, 02dh
                    00 54 29 2D 54 31 
                    00 54 2A 2D 
     215/    9D10 : 54 32 00 54 2B 2D       DB 054h, 032h, 000h, 054h, 02bh, 02dh, 054h, 033h, 000h, 054h, 02ch, 02dh, 054h, 034h, 000h, 054h
                    54 33 00 54 2C 2D 
                    54 34 00 54 
     216/    9D20 : 2D 2E 54 35 00 54       DB 02dh, 02eh, 054h, 035h, 000h, 054h, 02dh, 02eh, 054h, 035h, 000h, 054h, 008h, 07dh, 054h, 008h
                    2D 2E 54 35 00 54 
                    08 7D 54 08 
     217/    9D30 : 06 54 2E 31 54 36       DB 006h, 054h, 02eh, 031h, 054h, 036h, 000h, 054h, 02eh, 034h, 054h, 036h, 000h, 054h, 008h, 07eh
                    00 54 2E 34 54 36 
                    00 54 08 7E 
     218/    9D40 : 54 2F 2E 54 37 00       DB 054h, 02fh, 02eh, 054h, 037h, 000h, 061h, 04ch, 020h, 054h, 028h, 02dh, 054h, 030h, 000h, 054h
                    61 4C 20 54 28 2D 
                    54 30 00 54 
     219/    9D50 : 29 2D 54 31 00 54       DB 029h, 02dh, 054h, 031h, 000h, 054h, 02ah, 02dh, 054h, 032h, 000h, 054h, 02bh, 02dh, 054h, 033h
                    2A 2D 54 32 00 54 
                    2B 2D 54 33 
     220/    9D60 : 00 54 2C 2D 54 34       DB 000h, 054h, 02ch, 02dh, 054h, 034h, 000h, 054h, 02dh, 02eh, 054h, 035h, 000h, 054h, 008h, 006h
                    00 54 2D 2E 54 35 
                    00 54 08 06 
     221/    9D70 : 54 2E 34 54 36 00       DB 054h, 02eh, 034h, 054h, 036h, 000h, 054h, 02eh, 034h, 054h, 036h, 000h, 054h, 008h, 07eh, 054h
                    54 2E 34 54 36 00 
                    54 08 7E 54 
     222/    9D80 : 2F 2E 54 37 00 61       DB 02fh, 02eh, 054h, 037h, 000h, 061h, 04ch, 020h, 054h, 028h, 02dh, 054h, 030h, 000h, 054h, 029h
                    4C 20 54 28 2D 54 
                    30 00 54 29 
     223/    9D90 : 2D 54 31 00 54 2A       DB 02dh, 054h, 031h, 000h, 054h, 02ah, 02dh, 054h, 032h, 000h, 054h, 02bh, 02dh, 054h, 033h, 000h
                    2D 54 32 00 54 2B 
                    2D 54 33 00 
     224/    9DA0 : 54 2C 2D 54 34 00       DB 054h, 02ch, 02dh, 054h, 034h, 000h, 054h, 008h, 005h, 054h, 02dh, 02eh, 054h, 035h, 000h, 054h
 AS V1.42 Beta [Bld 129] - source file sample_m.asm - page 12 - 2019/1/9 23時41時10


                    54 08 05 54 2D 2E 
                    54 35 00 54 
     225/    9DB0 : 08 06 54 2E 34 54       DB 008h, 006h, 054h, 02eh, 034h, 054h, 036h, 000h, 054h, 02eh, 035h, 054h, 036h, 000h, 054h, 008h
                    36 00 54 2E 35 54 
                    36 00 54 08 
     226/    9DC0 : 7E 54 2F 2E 54 37       DB 07eh, 054h, 02fh, 02eh, 054h, 037h, 000h, 061h, 04ch, 020h, 054h, 028h, 02dh, 054h, 030h, 000h
                    00 61 4C 20 54 28 
                    2D 54 30 00 
     227/    9DD0 : 54 29 2D 54 31 00       DB 054h, 029h, 02dh, 054h, 031h, 000h, 054h, 02ah, 02dh, 054h, 032h, 000h, 054h, 02bh, 02dh, 054h
                    54 2A 2D 54 32 00 
                    54 2B 2D 54 
     228/    9DE0 : 33 00 54 2C 2D 54       DB 033h, 000h, 054h, 02ch, 02dh, 054h, 034h, 000h, 054h, 02dh, 02eh, 054h, 035h, 000h, 054h, 008h
                    34 00 54 2D 2E 54 
                    35 00 54 08 
     229/    9DF0 : 06 54 2E 35 54 36       DB 006h, 054h, 02eh, 035h, 054h, 036h, 000h, 054h, 02eh, 035h, 054h, 036h, 000h, 054h, 008h, 07eh
                    00 54 2E 35 54 36 
                    00 54 08 7E 
     230/    9E00 : 54 2F 2E 54 37 00       DB 054h, 02fh, 02eh, 054h, 037h, 000h, 061h, 04ch, 020h, 054h, 028h, 02dh, 054h, 030h, 000h, 054h
                    61 4C 20 54 28 2D 
                    54 30 00 54 
     231/    9E10 : 29 2D 54 31 00 54       DB 029h, 02dh, 054h, 031h, 000h, 054h, 02ah, 02dh, 054h, 032h, 000h, 054h, 02bh, 02dh, 054h, 033h
                    2A 2D 54 32 00 54 
                    2B 2D 54 33 
     232/    9E20 : 00 54 2C 2D 54 34       DB 000h, 054h, 02ch, 02dh, 054h, 034h, 000h, 054h, 02dh, 02eh, 054h, 035h, 000h, 054h, 02dh, 02eh
                    00 54 2D 2E 54 35 
                    00 54 2D 2E 
     233/    9E30 : 54 35 00 54 08 7D       DB 054h, 035h, 000h, 054h, 008h, 07dh, 054h, 008h, 006h, 054h, 02eh, 035h, 054h, 036h, 000h, 054h
                    54 08 06 54 2E 35 
                    54 36 00 54 
     234/    9E40 : 2E 34 54 36 00 54       DB 02eh, 034h, 054h, 036h, 000h, 054h, 008h, 07eh, 054h, 02fh, 02eh, 054h, 037h, 000h, 061h, 099h
                    08 7E 54 2F 2E 54 
                    37 00 61 99 
     235/    9E50 : 40 54 28 2D 54 30       DB 040h, 054h, 028h, 02dh, 054h, 030h, 000h, 054h, 029h, 02dh, 054h, 031h, 000h, 054h, 02ah, 02dh
                    00 54 29 2D 54 31 
                    00 54 2A 2D 
     236/    9E60 : 54 32 00 54 2B 2D       DB 054h, 032h, 000h, 054h, 02bh, 02dh, 054h, 033h, 000h, 054h, 02ch, 02dh, 054h, 034h, 000h, 054h
                    54 33 00 54 2C 2D 
                    54 34 00 54 
     237/    9E70 : 08 05 54 2D 2E 54       DB 008h, 005h, 054h, 02dh, 02eh, 054h, 035h, 000h, 054h, 008h, 006h, 054h, 02eh, 034h, 054h, 036h
                    35 00 54 08 06 54 
                    2E 34 54 36 
     238/    9E80 : 00 54 2E 31 54 36       DB 000h, 054h, 02eh, 031h, 054h, 036h, 000h, 054h, 008h, 07eh, 054h, 02fh, 02eh, 054h, 037h, 000h
                    00 54 08 7E 54 2F 
                    2E 54 37 00 
     239/    9E90 : 61 99 40 54 28 2D       DB 061h, 099h, 040h, 054h, 028h, 02dh, 054h, 030h, 000h, 054h, 029h, 02dh, 054h, 031h, 000h, 054h
                    54 30 00 54 29 2D 
                    54 31 00 54 
     240/    9EA0 : 2A 2D 54 32 00 54       DB 02ah, 02dh, 054h, 032h, 000h, 054h, 02bh, 02dh, 054h, 033h, 000h, 054h, 02ch, 02dh, 054h, 034h
                    2B 2D 54 33 00 54 
                    2C 2D 54 34 
     241/    9EB0 : 00 54 2D 2E 54 35       DB 000h, 054h, 02dh, 02eh, 054h, 035h, 000h, 054h, 02dh, 02eh, 054h, 035h, 000h, 054h, 008h, 07dh
                    00 54 2D 2E 54 35 
                    00 54 08 7D 
     242/    9EC0 : 54 08 06 54 2E 31       DB 054h, 008h, 006h, 054h, 02eh, 031h, 054h, 036h, 000h, 054h, 02eh, 02eh, 054h, 036h, 000h, 054h
                    54 36 00 54 2E 2E 
                    54 36 00 54 
     243/    9ED0 : 08 7E 54 2F 2E 54       DB 008h, 07eh, 054h, 02fh, 02eh, 054h, 037h, 000h, 061h, 099h, 040h, 054h, 028h, 02dh, 054h, 030h
                    37 00 61 99 40 54 
                    28 2D 54 30 
     244/    9EE0 : 00 54 29 2D 54 31       DB 000h, 054h, 029h, 02dh, 054h, 031h, 000h, 054h, 02ah, 02dh, 054h, 032h, 000h, 054h, 02bh, 02dh
 AS V1.42 Beta [Bld 129] - source file sample_m.asm - page 13 - 2019/1/9 23時41時10


                    00 54 2A 2D 54 32 
                    00 54 2B 2D 
     245/    9EF0 : 54 33 00 54 2C 2D       DB 054h, 033h, 000h, 054h, 02ch, 02dh, 054h, 034h, 000h, 054h, 008h, 005h, 054h, 02dh, 02eh, 054h
                    54 34 00 54 08 05 
                    54 2D 2E 54 
     246/    9F00 : 35 00 54 08 06 54       DB 035h, 000h, 054h, 008h, 006h, 054h, 02eh, 02eh, 054h, 036h, 000h, 054h, 02fh, 02eh, 054h, 037h
                    2E 2E 54 36 00 54 
                    2F 2E 54 37 
     247/    9F10 : 00 61 99 40 54 28       DB 000h, 061h, 099h, 040h, 054h, 028h, 02dh, 054h, 030h, 000h, 054h, 029h, 02dh, 054h, 031h, 000h
                    2D 54 30 00 54 29 
                    2D 54 31 00 
     248/    9F20 : 54 2A 2D 54 32 00       DB 054h, 02ah, 02dh, 054h, 032h, 000h, 054h, 02bh, 02dh, 054h, 033h, 000h, 054h, 02ch, 02dh, 054h
                    54 2B 2D 54 33 00 
                    54 2C 2D 54 
     249/    9F30 : 34 00 54 2D 2E 54       DB 034h, 000h, 054h, 02dh, 02eh, 054h, 035h, 000h, 054h, 02dh, 02eh, 054h, 035h, 000h, 054h, 008h
                    35 00 54 2D 2E 54 
                    35 00 54 08 
     250/    9F40 : 7D 54 2E 2E 54 36       DB 07dh, 054h, 02eh, 02eh, 054h, 036h, 000h, 054h, 02fh, 02eh, 054h, 037h, 000h, 061h, 04ch, 020h
                    00 54 2F 2E 54 37 
                    00 61 4C 20 
     251/    9F50 : 54 28 2D 54 30 00       DB 054h, 028h, 02dh, 054h, 030h, 000h, 054h, 029h, 02dh, 054h, 031h, 000h, 054h, 02ah, 02dh, 054h
                    54 29 2D 54 31 00 
                    54 2A 2D 54 
     252/    9F60 : 32 00 54 2B 2D 54       DB 032h, 000h, 054h, 02bh, 02dh, 054h, 033h, 000h, 054h, 02ch, 02dh, 054h, 034h, 000h, 054h, 008h
                    33 00 54 2C 2D 54 
                    34 00 54 08 
     253/    9F70 : 05 54 2D 2E 54 35       DB 005h, 054h, 02dh, 02eh, 054h, 035h, 000h, 054h, 02dh, 02eh, 054h, 035h, 000h, 054h, 008h, 07dh
                    00 54 2D 2E 54 35 
                    00 54 08 7D 
     254/    9F80 : 54 2E 2E 54 36 00       DB 054h, 02eh, 02eh, 054h, 036h, 000h, 054h, 02fh, 02eh, 054h, 037h, 000h, 061h, 04ch, 020h, 054h
                    54 2F 2E 54 37 00 
                    61 4C 20 54 
     255/    9F90 : 28 2D 54 30 00 54       DB 028h, 02dh, 054h, 030h, 000h, 054h, 029h, 02dh, 054h, 031h, 000h, 054h, 02ah, 02dh, 054h, 032h
                    29 2D 54 31 00 54 
                    2A 2D 54 32 
     256/    9FA0 : 00 54 2B 2D 54 33       DB 000h, 054h, 02bh, 02dh, 054h, 033h, 000h, 054h, 02ch, 02dh, 054h, 034h, 000h, 054h, 008h, 005h
                    00 54 2C 2D 54 34 
                    00 54 08 05 
     257/    9FB0 : 54 2D 2E 54 35 00       DB 054h, 02dh, 02eh, 054h, 035h, 000h, 054h, 02dh, 031h, 054h, 035h, 000h, 054h, 008h, 07dh, 054h
                    54 2D 31 54 35 00 
                    54 08 7D 54 
     258/    9FC0 : 2E 2E 54 36 00 54       DB 02eh, 02eh, 054h, 036h, 000h, 054h, 02fh, 02eh, 054h, 037h, 000h, 061h, 04ch, 020h, 054h, 028h
                    2F 2E 54 37 00 61 
                    4C 20 54 28 
     259/    9FD0 : 2D 54 30 00 54 29       DB 02dh, 054h, 030h, 000h, 054h, 029h, 02dh, 054h, 031h, 000h, 054h, 02ah, 02dh, 054h, 032h, 000h
                    2D 54 31 00 54 2A 
                    2D 54 32 00 
     260/    9FE0 : 54 2B 2D 54 33 00       DB 054h, 02bh, 02dh, 054h, 033h, 000h, 054h, 02ch, 02dh, 054h, 034h, 000h, 054h, 008h, 005h, 054h
                    54 2C 2D 54 34 00 
                    54 08 05 54 
     261/    9FF0 : 2D 31 54 35 00 54       DB 02dh, 031h, 054h, 035h, 000h, 054h, 02dh, 031h, 054h, 035h, 000h, 054h, 008h, 07dh, 054h, 02eh
                    2D 31 54 35 00 54 
                    08 7D 54 2E 
     262/    A000 : 2E 54 36 00 54 2F       DB 02eh, 054h, 036h, 000h, 054h, 02fh, 02eh, 054h, 037h, 000h, 061h, 04ch, 020h, 054h, 028h, 02dh
                    2E 54 37 00 61 4C 
                    20 54 28 2D 
     263/    A010 : 54 30 00 54 29 2D       DB 054h, 030h, 000h, 054h, 029h, 02dh, 054h, 031h, 000h, 054h, 02ah, 02dh, 054h, 032h, 000h, 054h
                    54 31 00 54 2A 2D 
                    54 32 00 54 
     264/    A020 : 2B 2D 54 33 00 54       DB 02bh, 02dh, 054h, 033h, 000h, 054h, 02ch, 02dh, 054h, 034h, 000h, 054h, 008h, 005h, 054h, 02dh
 AS V1.42 Beta [Bld 129] - source file sample_m.asm - page 14 - 2019/1/9 23時41時10


                    2C 2D 54 34 00 54 
                    08 05 54 2D 
     265/    A030 : 31 54 35 00 54 2D       DB 031h, 054h, 035h, 000h, 054h, 02dh, 034h, 054h, 035h, 000h, 054h, 008h, 07dh, 054h, 02eh, 02eh
                    34 54 35 00 54 08 
                    7D 54 2E 2E 
     266/    A040 : 54 36 00 54 2F 2E       DB 054h, 036h, 000h, 054h, 02fh, 02eh, 054h, 037h, 000h, 061h, 04ch, 020h, 054h, 028h, 02dh, 054h
                    54 37 00 61 4C 20 
                    54 28 2D 54 
     267/    A050 : 30 00 54 29 2D 54       DB 030h, 000h, 054h, 029h, 02dh, 054h, 031h, 000h, 054h, 02ah, 02dh, 054h, 032h, 000h, 054h, 02bh
                    31 00 54 2A 2D 54 
                    32 00 54 2B 
     268/    A060 : 2D 54 33 00 54 2C       DB 02dh, 054h, 033h, 000h, 054h, 02ch, 02dh, 054h, 034h, 000h, 054h, 008h, 005h, 054h, 02dh, 034h
                    2D 54 34 00 54 08 
                    05 54 2D 34 
     269/    A070 : 54 35 00 54 2D 34       DB 054h, 035h, 000h, 054h, 02dh, 034h, 054h, 035h, 000h, 054h, 008h, 07dh, 054h, 02eh, 02eh, 054h
                    54 35 00 54 08 7D 
                    54 2E 2E 54 
     270/    A080 : 36 00 54 2F 2E 54       DB 036h, 000h, 054h, 02fh, 02eh, 054h, 037h, 000h, 061h, 04ch, 020h, 054h, 028h, 02dh, 054h, 030h
                    37 00 61 4C 20 54 
                    28 2D 54 30 
     271/    A090 : 00 54 29 2D 54 31       DB 000h, 054h, 029h, 02dh, 054h, 031h, 000h, 054h, 02ah, 02dh, 054h, 032h, 000h, 054h, 02bh, 02dh
                    00 54 2A 2D 54 32 
                    00 54 2B 2D 
     272/    A0A0 : 54 33 00 54 2C 2D       DB 054h, 033h, 000h, 054h, 02ch, 02dh, 054h, 034h, 000h, 054h, 008h, 005h, 054h, 02dh, 034h, 054h
                    54 34 00 54 08 05 
                    54 2D 34 54 
     273/    A0B0 : 35 00 54 2D 35 54       DB 035h, 000h, 054h, 02dh, 035h, 054h, 035h, 000h, 054h, 008h, 07dh, 054h, 02eh, 02eh, 054h, 036h
                    35 00 54 08 7D 54 
                    2E 2E 54 36 
     274/    A0C0 : 00 54 2F 2E 54 37       DB 000h, 054h, 02fh, 02eh, 054h, 037h, 000h, 061h, 04ch, 020h, 054h, 028h, 02dh, 054h, 030h, 000h
                    00 61 4C 20 54 28 
                    2D 54 30 00 
     275/    A0D0 : 54 29 2D 54 31 00       DB 054h, 029h, 02dh, 054h, 031h, 000h, 054h, 02ah, 02dh, 054h, 032h, 000h, 054h, 02bh, 02dh, 054h
                    54 2A 2D 54 32 00 
                    54 2B 2D 54 
     276/    A0E0 : 33 00 54 2C 2D 54       DB 033h, 000h, 054h, 02ch, 02dh, 054h, 034h, 000h, 054h, 008h, 005h, 054h, 02dh, 035h, 054h, 035h
                    34 00 54 08 05 54 
                    2D 35 54 35 
     277/    A0F0 : 00 54 2D 35 54 35       DB 000h, 054h, 02dh, 035h, 054h, 035h, 000h, 054h, 008h, 07dh, 054h, 02eh, 02eh, 054h, 036h, 000h
                    00 54 08 7D 54 2E 
                    2E 54 36 00 
     278/    A100 : 54 2F 2E 54 37 00       DB 054h, 02fh, 02eh, 054h, 037h, 000h, 061h, 04ch, 020h, 054h, 028h, 02dh, 054h, 030h, 000h, 054h
                    61 4C 20 54 28 2D 
                    54 30 00 54 
     279/    A110 : 29 2D 54 31 00 54       DB 029h, 02dh, 054h, 031h, 000h, 054h, 02ah, 02dh, 054h, 032h, 000h, 054h, 02bh, 02dh, 054h, 033h
                    2A 2D 54 32 00 54 
                    2B 2D 54 33 
     280/    A120 : 00 54 2C 2D 54 34       DB 000h, 054h, 02ch, 02dh, 054h, 034h, 000h, 054h, 008h, 005h, 054h, 02dh, 035h, 054h, 035h, 000h
                    00 54 08 05 54 2D 
                    35 54 35 00 
     281/    A130 : 54 2D 34 54 35 00       DB 054h, 02dh, 034h, 054h, 035h, 000h, 054h, 008h, 07dh, 054h, 02eh, 02eh, 054h, 036h, 000h, 054h
                    54 08 7D 54 2E 2E 
                    54 36 00 54 
     282/    A140 : 2F 2E 54 37 00 61       DB 02fh, 02eh, 054h, 037h, 000h, 061h, 099h, 040h, 054h, 028h, 02dh, 054h, 030h, 000h, 054h, 029h
                    99 40 54 28 2D 54 
                    30 00 54 29 
     283/    A150 : 2D 54 31 00 54 2A       DB 02dh, 054h, 031h, 000h, 054h, 02ah, 02dh, 054h, 032h, 000h, 054h, 02bh, 02dh, 054h, 033h, 000h
                    2D 54 32 00 54 2B 
                    2D 54 33 00 
     284/    A160 : 54 2C 2D 54 34 00       DB 054h, 02ch, 02dh, 054h, 034h, 000h, 054h, 008h, 005h, 054h, 02dh, 034h, 054h, 035h, 000h, 054h
 AS V1.42 Beta [Bld 129] - source file sample_m.asm - page 15 - 2019/1/9 23時41時10


                    54 08 05 54 2D 34 
                    54 35 00 54 
     285/    A170 : 2D 31 54 35 00 54       DB 02dh, 031h, 054h, 035h, 000h, 054h, 008h, 07dh, 054h, 02eh, 02eh, 054h, 036h, 000h, 054h, 02fh
                    08 7D 54 2E 2E 54 
                    36 00 54 2F 
     286/    A180 : 2E 54 37 00 61 99       DB 02eh, 054h, 037h, 000h, 061h, 099h, 040h, 054h, 028h, 02dh, 054h, 030h, 000h, 054h, 029h, 02dh
                    40 54 28 2D 54 30 
                    00 54 29 2D 
     287/    A190 : 54 31 00 54 2A 2D       DB 054h, 031h, 000h, 054h, 02ah, 02dh, 054h, 032h, 000h, 054h, 02bh, 02dh, 054h, 033h, 000h, 054h
                    54 32 00 54 2B 2D 
                    54 33 00 54 
     288/    A1A0 : 2C 2D 54 34 00 54       DB 02ch, 02dh, 054h, 034h, 000h, 054h, 008h, 005h, 054h, 02dh, 031h, 054h, 035h, 000h, 054h, 02dh
                    08 05 54 2D 31 54 
                    35 00 54 2D 
     289/    A1B0 : 2E 54 35 00 54 08       DB 02eh, 054h, 035h, 000h, 054h, 008h, 07dh, 054h, 02eh, 02eh, 054h, 036h, 000h, 054h, 02fh, 02eh
                    7D 54 2E 2E 54 36 
                    00 54 2F 2E 
     290/    A1C0 : 54 37 00 61 99 40       DB 054h, 037h, 000h, 061h, 099h, 040h, 054h, 028h, 02dh, 054h, 030h, 000h, 054h, 029h, 02dh, 054h
                    54 28 2D 54 30 00 
                    54 29 2D 54 
     291/    A1D0 : 31 00 54 2A 2D 54       DB 031h, 000h, 054h, 02ah, 02dh, 054h, 032h, 000h, 054h, 02bh, 02dh, 054h, 033h, 000h, 054h, 02ch
                    32 00 54 2B 2D 54 
                    33 00 54 2C 
     292/    A1E0 : 2D 54 34 00 54 08       DB 02dh, 054h, 034h, 000h, 054h, 008h, 005h, 054h, 02dh, 02eh, 054h, 035h, 000h, 054h, 02eh, 02eh
                    05 54 2D 2E 54 35 
                    00 54 2E 2E 
     293/    A1F0 : 54 36 00 54 2F 2E       DB 054h, 036h, 000h, 054h, 02fh, 02eh, 054h, 037h, 000h, 066h, 047h, 064h, 033h, 020h, 000h, 001h
                    54 37 00 66 47 64 
                    33 20 00 01 
     294/    A200 : 00 00 92 00 00 00       DB 000h, 000h, 092h, 000h, 000h, 000h, 076h, 000h, 067h, 000h, 06dh, 000h, 073h, 000h, 061h, 000h
                    76 00 67 00 6D 00 
                    73 00 61 00 
     295/    A210 : 6D 00 70 00 6C 00       DB 06dh, 000h, 070h, 000h, 06ch, 000h, 065h, 000h, 000h, 000h, 076h, 000h, 067h, 000h, 06dh, 000h
                    65 00 00 00 76 00 
                    67 00 6D 00 
     296/    A220 : 73 00 61 00 6D 00       DB 073h, 000h, 061h, 000h, 06dh, 000h, 070h, 000h, 06ch, 000h, 065h, 000h, 000h, 000h, 000h, 000h
                    70 00 6C 00 65 00 
                    00 00 00 00 
     297/    A230 : 00 00 61 00 72 00       DB 000h, 000h, 061h, 000h, 072h, 000h, 064h, 000h, 075h, 000h, 069h, 000h, 06eh, 000h, 06fh, 000h
                    64 00 75 00 69 00 
                    6E 00 6F 00 
     298/    A240 : 2D 00 76 00 67 00       DB 02dh, 000h, 076h, 000h, 067h, 000h, 06dh, 000h, 070h, 000h, 06ch, 000h, 061h, 000h, 079h, 000h
                    6D 00 70 00 6C 00 
                    61 00 79 00 
     299/    A250 : 65 00 72 00 00 00       DB 065h, 000h, 072h, 000h, 000h, 000h, 061h, 000h, 072h, 000h, 064h, 000h, 075h, 000h, 069h, 000h
                    61 00 72 00 64 00 
                    75 00 69 00 
     300/    A260 : 6E 00 6F 00 2D 00       DB 06eh, 000h, 06fh, 000h, 02dh, 000h, 076h, 000h, 067h, 000h, 06dh, 000h, 070h, 000h, 06ch, 000h
                    76 00 67 00 6D 00 
                    70 00 6C 00 
     301/    A270 : 61 00 79 00 65 00       DB 061h, 000h, 079h, 000h, 065h, 000h, 072h, 000h, 000h, 000h, 000h, 000h, 000h, 000h, 032h, 000h
                    72 00 00 00 00 00 
                    00 00 32 00 
     302/    A280 : 30 00 31 00 38 00       DB 030h, 000h, 031h, 000h, 038h, 000h, 02fh, 000h, 030h, 000h, 036h, 000h, 02fh, 000h, 030h, 000h
                    2F 00 30 00 36 00 
                    2F 00 30 00 
     303/    A290 : 31 00 00 00 00 00       DB 031h, 000h, 000h, 000h, 000h, 000h, 000h, 000h
                    00 00 
 AS V1.42 Beta [Bld 129] - source file sample_m.asm - page 16 - 2019/1/9 23時41時10


  symbol table (* = unused):
  ------------------------

*ARCHITECTURE :    x86_64-apple-osx - | *BIGENDIAN :                      0 - |
*BRANCHEXT :                      0 - | *CASESENSITIVE :                  0 - |
*CONSTPI :        3.141592653589793 - | *DATE :                    2019/1/9 - |
*FALSE :                          0 - | *FULLPMMU :                       1 - |
*HAS64 :                          1 - | *HASDSP :                         0 - |
*HASFPU :                         0 - | *HASPMMU :                        0 - |
*INEXTMODE :                      0 - | *INLWORDMODE :                    0 - |
*INMAXMODE :                      0 - | *INSRCMODE :                      0 - |
*INSUPMODE :                      0 - | *LISTON :                         1 - |
*MACEXP :                         7 - | *MOMCPU :                        80 - |
*MOMCPUNAME :                   Z80 - | *M_DATA :                      9000 C |
*NESTMAX :                      100 - | *PACKING :                        0 - |
*PADDING :                        1 - | *RELAXED :                        0 - |
*TIME :                                      23\-26\-10\-1241\-26\-10\-1210 - |
*TRUE :                           1 - | *VERSION :                     142F - |

     29 symbols
     29 unused symbols

 AS V1.42 Beta [Bld 129] - source file sample_m.asm - page 17 - 2019/1/9 23時41時10


  codepages:
  ----------

STANDARD (0 changed characters)


0.01 seconds assembly time

    303 lines source file
      1 pass
      0 errors
      0 warnings
